<?xml version="1.0" encoding="UTF-8"?>
<!-- Generated by org.testng.reporters.JUnitReportReporter -->
<testsuite skipped="0" hostname="DESKTOP-FID49DI" name="com.publicis.sapient.test.DictionaryTest" tests="4" failures="0" timestamp="2021-05-15T22:53:16 IST" time="191.616" errors="0">
  <testcase name="isEnglishWord_Negative2" time="4.351" classname="com.publicis.sapient.test.DictionaryTest"/>
  <system-out/>
  <testcase name="isEnglishWord_Negative3" time="1.158" classname="com.publicis.sapient.test.DictionaryTest"/>
  <system-out/>
  <testcase name="isEnglishWord_Positive" time="0.279" classname="com.publicis.sapient.test.DictionaryTest"/>
  <system-out/>
  <testcase name="isEnglishWord_Negative1" time="185.828" classname="com.publicis.sapient.test.DictionaryTest"/>
  <system-out/>
</testsuite> <!-- com.publicis.sapient.test.DictionaryTest -->
